Base path: C:/Program Files/Unity/Editor/Data
Cmd: initializeCompiler
Cmd: compileSnippet
  api=4 type=0 insize=1454 outsize=2734 kw=UNITY_PASS_FORWARDADD DIRECTIONAL SHADOWS_SCREEN _NORMALMAP _PARALLAXMAP pd=UNITY_ENABLE_REFLECTION_BUFFERS UNITY_USE_DITHER_MASK_FOR_ALPHABLENDED_SHADOWS UNITY_PBS_USE_BRDF1 UNITY_SPECCUBE_BOX_PROJECTION UNITY_SPECCUBE_BLENDING UNITY_ENABLE_DETAIL_NORMALMAP SHADER_API_DESKTOP UNITY_COLORSPACE_GAMMA UNITY_LIGHT_PROBE_PROXY_VOLUME UNITY_LIGHTMAP_FULL_HDR ok=1
Cmd: initializeCompiler
Cmd: compileComputeKernel
  api=4 insize=15475 outsize=13369 ok=1
Cmd: compileComputeKernel
  api=4 insize=15475 outsize=29013 ok=1
Cmd: compileComputeKernel
  api=4 insize=15475 outsize=37573 ok=1
Cmd: compileComputeKernel
  api=4 insize=15475 outsize=44421 ok=1
Cmd: compileComputeKernel
  api=4 insize=15475 outsize=47785 ok=1
Cmd: compileComputeKernel
  api=4 insize=15475 outsize=54613 ok=1
Cmd: compileComputeKernel
  api=4 insize=15475 outsize=13381 ok=1
Cmd: compileComputeKernel
  api=4 insize=15475 outsize=34001 ok=1
Cmd: compileComputeKernel
  api=4 insize=15475 outsize=39429 ok=1
Cmd: compileComputeKernel
  api=4 insize=15475 outsize=36721 ok=1
Cmd: compileComputeKernel
  api=4 insize=15475 outsize=43529 ok=1
Cmd: compileComputeKernel
  api=4 insize=15475 outsize=36397 ok=1
Cmd: compileComputeKernel
  api=4 insize=15475 outsize=43277 ok=1
Cmd: compileComputeKernel
  api=4 insize=25750 outsize=16017 ok=1
Cmd: compileComputeKernel
  api=4 insize=9347 outsize=7561 ok=1
Cmd: compileComputeKernel
  api=4 insize=4061 outsize=4145 ok=1
Cmd: compileComputeKernel
  api=4 insize=4918 outsize=2777 ok=1
Cmd: compileComputeKernel
  api=4 insize=11912 outsize=957 ok=1
Cmd: compileComputeKernel
  api=4 insize=7423 outsize=1353 ok=1
Cmd: compileComputeKernel
  api=4 insize=21453 outsize=14385 ok=1
Cmd: compileComputeKernel
  api=4 insize=3022 outsize=3277 ok=1
Cmd: compileComputeKernel
  api=4 insize=35006 outsize=31005 ok=1
Cmd: compileComputeKernel
  api=4 insize=35006 outsize=31005 ok=1
Cmd: compileComputeKernel
  api=4 insize=5477 outsize=1277 ok=1
Cmd: compileComputeKernel
  api=4 insize=17691 outsize=7121 ok=1
Cmd: compileComputeKernel
  api=4 insize=5089 outsize=2825 ok=1
Cmd: compileComputeKernel
  api=4 insize=9349 outsize=4921 ok=1
Cmd: compileComputeKernel
  api=4 insize=7712 outsize=7909 ok=1
Cmd: compileComputeKernel
  api=4 insize=3918 outsize=709 ok=1
