Base path: C:/Program Files/Unity/Editor/Data
Cmd: initializeCompiler
<<<<<<< HEAD
Cmd: compileSnippet
  api=4 type=0 insize=1596 outsize=2878 kw=UNITY_PASS_FORWARDBASE DIRECTIONAL SHADOWS_SCREEN LIGHTPROBE_SH _NORMALMAP _PARALLAXMAP pd=UNITY_ENABLE_REFLECTION_BUFFERS UNITY_USE_DITHER_MASK_FOR_ALPHABLENDED_SHADOWS UNITY_PBS_USE_BRDF1 UNITY_SPECCUBE_BOX_PROJECTION UNITY_SPECCUBE_BLENDING UNITY_ENABLE_DETAIL_NORMALMAP SHADER_API_DESKTOP UNITY_COLORSPACE_GAMMA UNITY_LIGHT_PROBE_PROXY_VOLUME UNITY_LIGHTMAP_FULL_HDR ok=1
Cmd: initializeCompiler
=======
Cmd: compileComputeKernel
  api=4 insize=2549 outsize=965 ok=1
Cmd: compileComputeKernel
  api=4 insize=15475 outsize=14597 ok=1
Cmd: compileComputeKernel
  api=4 insize=15475 outsize=45313 ok=1
Cmd: compileComputeKernel
  api=4 insize=15475 outsize=54293 ok=1
Cmd: compileComputeKernel
  api=4 insize=15475 outsize=35037 ok=1
Cmd: compileComputeKernel
  api=4 insize=15475 outsize=41869 ok=1
Cmd: compileComputeKernel
  api=4 insize=15475 outsize=43029 ok=1
Cmd: compileComputeKernel
  api=4 insize=15475 outsize=41529 ok=1
Cmd: compileComputeKernel
  api=4 insize=15475 outsize=64197 ok=1
Cmd: compileComputeKernel
  api=4 insize=15475 outsize=56593 ok=1
Cmd: compileComputeKernel
  api=4 insize=15475 outsize=66665 ok=1
Cmd: compileComputeKernel
  api=4 insize=25750 outsize=15793 ok=1
Cmd: compileComputeKernel
  api=4 insize=3797 outsize=1621 ok=1
Cmd: compileComputeKernel
  api=4 insize=5767 outsize=5793 ok=1
Cmd: compileComputeKernel
  api=4 insize=9347 outsize=7569 ok=1
Cmd: compileComputeKernel
  api=4 insize=17415 outsize=10469 ok=1
Cmd: compileComputeKernel
  api=4 insize=3269 outsize=2505 ok=1
Cmd: compileComputeKernel
  api=4 insize=11912 outsize=1313 ok=1
Cmd: compileComputeKernel
  api=4 insize=11993 outsize=613 ok=1
Cmd: compileComputeKernel
  api=4 insize=21453 outsize=14897 ok=1
Cmd: compileComputeKernel
  api=4 insize=3022 outsize=2065 ok=1
Cmd: compileComputeKernel
  api=4 insize=7883 outsize=1781 ok=1
Cmd: compileComputeKernel
  api=4 insize=20668 outsize=27309 ok=1
Cmd: compileComputeKernel
  api=4 insize=35006 outsize=31641 ok=1
Cmd: compileComputeKernel
  api=4 insize=35006 outsize=33949 ok=1
Cmd: compileComputeKernel
  api=4 insize=17691 outsize=7957 ok=1
Cmd: compileComputeKernel
  api=4 insize=5089 outsize=1361 ok=1
Cmd: compileComputeKernel
  api=4 insize=2596 outsize=2085 ok=1
Cmd: compileComputeKernel
  api=4 insize=3733 outsize=2625 ok=1
Cmd: compileComputeKernel
  api=4 insize=7712 outsize=6777 ok=1
Cmd: compileComputeKernel
  api=4 insize=2510 outsize=745 ok=1
>>>>>>> master
